<?xml version="1.0" encoding="UTF-8"?>
<!-- Generated by org.testng.reporters.JUnitReportReporter -->
<testsuite hostname="Salos-MacBook-Air.local" failures="0" tests="1" name="com.bookflight.BookFlight" time="26.328" errors="0" timestamp="2023-10-12T12:46:23 CDT" skipped="0">
  <testcase classname="com.bookflight.BookFlight" name="dd01" time="26.328"/>
  <system-out/>
</testsuite> <!-- com.bookflight.BookFlight -->
