<?xml version="1.0" encoding="UTF-8"?>
<!-- Generated by org.testng.reporters.JUnitReportReporter -->
<testsuite hostname="Salos-MacBook-Air.local" failures="0" tests="1" name="com.orange.LoginTest" time="18.694" errors="0" timestamp="2023-10-10T17:42:12 CDT" skipped="0">
  <testcase classname="com.orange.LoginTest" name="TC001" time="18.694"/>
  <system-out/>
</testsuite> <!-- com.orange.LoginTest -->
