<?xml version="1.0" encoding="UTF-8"?>
<!-- Generated by org.testng.reporters.JUnitReportReporter -->
<testsuite hostname="MIDL002176" failures="0" tests="1" name="practicaSel.Browser_SeleniumTest" time="18.665" errors="0" timestamp="06 oct 2023 01:56:28 GMT" skipped="0">
  <testcase classname="practicaSel.Browser_SeleniumTest" name="TestEdge" time="18.665"/>
</testsuite> <!-- practicaSel.Browser_SeleniumTest -->
