<?xml version="1.0" encoding="UTF-8"?>
<!-- Generated by org.testng.reporters.JUnitReportReporter -->
<testsuite hostname="Salos-MacBook-Air.local" failures="0" tests="1" name="com.bookflight.Booking_SpiceJet" time="29.708" errors="0" timestamp="2023-10-13T07:09:54 CDT" skipped="0">
  <testcase classname="com.bookflight.Booking_SpiceJet" name="TC002" time="29.708"/>
  <system-out/>
</testsuite> <!-- com.bookflight.Booking_SpiceJet -->
