<?xml version="1.0" encoding="UTF-8"?>
<!-- Generated by org.testng.reporters.JUnitReportReporter -->
<testsuite ignored="0" hostname="Salos-MacBook-Air.local" failures="0" tests="4" name="practicaSel.NewTest" time="69.849" errors="0" timestamp="30 Sep 2023 16:34:57 GMT" skipped="0">
  <testcase classname="practicaSel.NewTest" name="TestEdge" time="34.096"/>
  <testcase classname="practicaSel.NewTest" name="TestFireFox" time="5.506"/>
  <testcase classname="practicaSel.NewTest" name="TestSafari" time="3.672"/>
  <testcase classname="practicaSel.NewTest" name="TestChrome" time="26.575"/>
</testsuite> <!-- practicaSel.NewTest -->
