<?xml version="1.0" encoding="UTF-8"?>
<!-- Generated by org.testng.reporters.JUnitReportReporter -->
<testsuite hostname="MIDL002176" failures="0" tests="1" name="com.orange.LoginTest" time="36.344" errors="0" timestamp="09 oct 2023 20:55:42 GMT" skipped="0">
  <testcase classname="com.orange.LoginTest" name="TC001" time="36.344"/>
</testsuite> <!-- com.orange.LoginTest -->
