<?xml version="1.0" encoding="UTF-8"?>
<!-- Generated by org.testng.reporters.JUnitReportReporter -->
<testsuite hostname="Salos-MacBook-Air.local" failures="0" tests="1" name="com.bookflight.BookFlight" time="28.490" errors="0" timestamp="2023-10-12T19:15:04 CDT" skipped="0">
  <testcase classname="com.bookflight.BookFlight" name="dd01" time="28.490"/>
  <system-out/>
</testsuite> <!-- com.bookflight.BookFlight -->
